2021-08-08 12:26:35,013 INFO notifyConnectTimeout:200

2021-08-08 12:26:35,017 INFO notifySocketTimeout:8000

2021-08-08 12:26:35,017 INFO isHealthCheck:true

2021-08-08 12:26:35,017 INFO maxHealthCheckFailCount:12

2021-08-08 12:26:35,017 INFO maxContent:10485760

2021-08-08 12:26:35,737 INFO Schema 'NACOS' already exists.

2021-08-08 12:26:35,779 INFO Table/View 'CONFIG_INFO' already exists in Schema 'NACOS'.

2021-08-08 12:26:35,820 INFO Table/View 'HIS_CONFIG_INFO' already exists in Schema 'NACOS'.

2021-08-08 12:26:35,839 INFO Table/View 'CONFIG_INFO_BETA' already exists in Schema 'NACOS'.

2021-08-08 12:26:35,851 INFO Table/View 'CONFIG_INFO_TAG' already exists in Schema 'NACOS'.

2021-08-08 12:26:35,859 INFO Table/View 'CONFIG_INFO_AGGR' already exists in Schema 'NACOS'.

2021-08-08 12:26:35,870 INFO Table/View 'APP_LIST' already exists in Schema 'NACOS'.

2021-08-08 12:26:35,879 INFO Table/View 'APP_CONFIGDATA_RELATION_SUBS' already exists in Schema 'NACOS'.

2021-08-08 12:26:35,886 INFO Table/View 'APP_CONFIGDATA_RELATION_PUBS' already exists in Schema 'NACOS'.

2021-08-08 12:26:35,894 INFO Table/View 'CONFIG_TAGS_RELATION' already exists in Schema 'NACOS'.

2021-08-08 12:26:35,905 INFO Table/View 'GROUP_CAPACITY' already exists in Schema 'NACOS'.

2021-08-08 12:26:35,913 INFO Table/View 'TENANT_CAPACITY' already exists in Schema 'NACOS'.

2021-08-08 12:26:35,920 INFO Table/View 'TENANT_INFO' already exists in Schema 'NACOS'.

2021-08-08 12:26:35,930 INFO Table/View 'USERS' already exists in Schema 'NACOS'.

2021-08-08 12:26:35,938 INFO Table/View 'ROLES' already exists in Schema 'NACOS'.

2021-08-08 12:26:36,017 INFO The statement was aborted because it would have caused a duplicate key value in a unique or primary key constraint or unique index identified by 'SQL210806210814540' defined on 'USERS'.

2021-08-08 12:26:36,590 INFO ServerListService address-server port:8848

2021-08-08 12:26:36,590 INFO ADDRESS_SERVER_URL:http://jmenv.tbsite.net:8080/nacos/serverlist

2021-08-08 12:26:36,593 WARN [serverlist] updated to [192.168.134.1]

2021-08-08 12:26:36,661 WARN DumpService start

2021-08-08 12:26:36,663 INFO start clear all config-info.

2021-08-08 12:26:36,676 WARN clear all config-info failed.

2021-08-08 12:26:36,676 WARN clear all config-info-tenant failed.

2021-08-08 12:26:36,780 INFO start clear all config-info-beta.

2021-08-08 12:26:36,781 WARN clear all config-info-beta failed.

2021-08-08 12:26:36,781 WARN clear all config-info-beta-tenant failed.

2021-08-08 12:26:36,792 INFO start clear all config-info-tag.

2021-08-08 12:26:36,793 WARN clear all config-info-tag failed.

2021-08-08 12:26:36,793 WARN clear all config-info-tag-tenant failed.

