2021-08-09 09:16:41,238 INFO PERFORMANCE:|3|3|-1|-1

2021-08-09 09:21:41,243 INFO PERFORMANCE:|3|3|-1|-1

2021-08-09 09:26:41,245 INFO PERFORMANCE:|3|3|-1|-1

2021-08-09 09:31:41,246 INFO PERFORMANCE:|3|3|-1|-1

2021-08-09 09:36:41,246 INFO PERFORMANCE:|3|3|-1|-1

2021-08-09 09:41:41,247 INFO PERFORMANCE:|3|3|-1|-1

2021-08-09 09:46:41,248 INFO PERFORMANCE:|3|3|-1|-1

2021-08-09 09:51:41,249 INFO PERFORMANCE:|3|3|-1|-1

2021-08-09 09:56:41,251 INFO PERFORMANCE:|3|3|-1|-1

2021-08-09 10:01:41,252 INFO PERFORMANCE:|3|3|-1|-1

2021-08-09 10:06:41,254 INFO PERFORMANCE:|3|3|-1|-1

2021-08-09 10:11:41,255 INFO PERFORMANCE:|3|3|-1|-1

2021-08-09 10:16:41,257 INFO PERFORMANCE:|3|3|-1|-1

2021-08-09 10:21:41,258 INFO PERFORMANCE:|3|3|-1|-1

2021-08-09 10:26:41,258 INFO PERFORMANCE:|3|3|-1|-1

2021-08-09 10:31:41,260 INFO PERFORMANCE:|3|3|-1|-1

2021-08-09 10:36:41,262 INFO PERFORMANCE:|3|3|-1|-1

2021-08-09 10:41:41,263 INFO PERFORMANCE:|3|3|-1|-1

2021-08-09 10:46:41,265 INFO PERFORMANCE:|3|3|-1|-1

2021-08-09 10:51:41,266 INFO PERFORMANCE:|3|3|-1|-1

2021-08-09 10:56:41,266 INFO PERFORMANCE:|3|3|-1|-1

2021-08-09 11:01:41,268 INFO PERFORMANCE:|3|3|-1|-1

2021-08-09 11:06:41,269 INFO PERFORMANCE:|3|3|-1|-1

2021-08-09 11:11:41,271 INFO PERFORMANCE:|3|3|-1|-1

2021-08-09 11:16:41,273 INFO PERFORMANCE:|3|3|-1|-1

2021-08-09 11:21:41,274 INFO PERFORMANCE:|3|3|-1|-1

2021-08-09 11:26:41,275 INFO PERFORMANCE:|3|3|-1|-1

2021-08-09 11:31:41,276 INFO PERFORMANCE:|3|3|-1|-1

2021-08-09 11:36:41,278 INFO PERFORMANCE:|3|3|-1|-1

2021-08-09 11:41:41,279 INFO PERFORMANCE:|3|3|-1|-1

2021-08-09 11:46:41,281 INFO PERFORMANCE:|3|3|-1|-1

2021-08-09 11:51:41,282 INFO PERFORMANCE:|3|3|-1|-1

2021-08-09 11:56:41,283 INFO PERFORMANCE:|3|3|-1|-1

2021-08-09 12:01:41,286 INFO PERFORMANCE:|3|3|-1|-1

2021-08-09 12:06:41,288 INFO PERFORMANCE:|3|3|-1|-1

2021-08-09 12:11:41,289 INFO PERFORMANCE:|3|3|-1|-1

2021-08-09 12:16:41,291 INFO PERFORMANCE:|3|3|-1|-1

2021-08-09 12:21:41,292 INFO PERFORMANCE:|3|3|-1|-1

2021-08-09 12:26:41,294 INFO PERFORMANCE:|3|3|-1|-1

2021-08-09 12:31:41,294 INFO PERFORMANCE:|3|3|-1|-1

2021-08-09 12:36:41,295 INFO PERFORMANCE:|3|3|-1|-1

2021-08-09 12:41:41,297 INFO PERFORMANCE:|3|3|-1|-1

2021-08-09 12:46:41,298 INFO PERFORMANCE:|3|3|-1|-1

2021-08-09 12:51:41,299 INFO PERFORMANCE:|3|3|-1|-1

2021-08-09 12:56:41,300 INFO PERFORMANCE:|3|3|-1|-1

2021-08-09 13:01:41,301 INFO PERFORMANCE:|3|3|-1|-1

2021-08-09 13:06:41,302 INFO PERFORMANCE:|3|3|-1|-1

2021-08-09 13:11:41,303 INFO PERFORMANCE:|3|3|-1|-1

2021-08-09 13:16:41,304 INFO PERFORMANCE:|3|3|-1|-1

2021-08-09 13:21:41,306 INFO PERFORMANCE:|3|3|-1|-1

2021-08-09 13:26:41,307 INFO PERFORMANCE:|3|3|-1|-1

2021-08-09 13:31:41,309 INFO PERFORMANCE:|3|3|-1|-1

2021-08-09 13:36:41,311 INFO PERFORMANCE:|3|3|-1|-1

2021-08-09 13:41:41,311 INFO PERFORMANCE:|3|3|-1|-1

2021-08-09 13:46:41,312 INFO PERFORMANCE:|3|3|-1|-1

2021-08-09 13:51:41,314 INFO PERFORMANCE:|3|3|-1|-1

2021-08-09 13:56:41,315 INFO PERFORMANCE:|3|3|-1|-1

2021-08-09 14:01:41,317 INFO PERFORMANCE:|3|3|-1|-1

2021-08-09 14:06:41,318 INFO PERFORMANCE:|3|3|-1|-1

2021-08-09 14:11:41,320 INFO PERFORMANCE:|3|3|-1|-1

2021-08-09 14:16:41,322 INFO PERFORMANCE:|3|3|-1|-1

2021-08-09 14:21:41,324 INFO PERFORMANCE:|3|3|-1|-1

